/home/mmueller/hiwi/radarlidar_analysis/RadarLidarWindSpeed.py:614: RuntimeWarning: More than 20 figures have been opened. Figures created through the pyplot interface (`matplotlib.pyplot.figure`) are retained until explicitly closed and may consume too much memory. (To control this warning, see the rcParam `figure.max_open_warning`).
  fig, axes = plt.subplots(nrows=4, ncols=1, figsize=(10, 10), sharex=True, sharey=False)
/home/mmueller/hiwi/radarlidar_analysis/RadarLidarWindSpeed.py:324: RuntimeWarning: More than 20 figures have been opened. Figures created through the pyplot interface (`matplotlib.pyplot.figure`) are retained until explicitly closed and may consume too much memory. (To control this warning, see the rcParam `figure.max_open_warning`).
  plt.figure(figsize=(20,10))
/home/mmueller/hiwi/radarlidar_analysis/RadarLidarWindSpeed.py:399: RuntimeWarning: More than 20 figures have been opened. Figures created through the pyplot interface (`matplotlib.pyplot.figure`) are retained until explicitly closed and may consume too much memory. (To control this warning, see the rcParam `figure.max_open_warning`).
  plt.figure(figsize=(20,10))
/home/mmueller/hiwi/radarlidar_analysis/RadarLidarWindSpeed.py:400: RuntimeWarning: More than 20 figures have been opened. Figures created through the pyplot interface (`matplotlib.pyplot.figure`) are retained until explicitly closed and may consume too much memory. (To control this warning, see the rcParam `figure.max_open_warning`).
  fig1 = plt.figure(figsize=(20,10))
/home/mmueller/hiwi/radarlidar_analysis/RadarLidarWindSpeed.py:614: RuntimeWarning: More than 20 figures have been opened. Figures created through the pyplot interface (`matplotlib.pyplot.figure`) are retained until explicitly closed and may consume too much memory. (To control this warning, see the rcParam `figure.max_open_warning`).
  fig, axes = plt.subplots(nrows=4, ncols=1, figsize=(10, 10), sharex=True, sharey=False)
/home/mmueller/hiwi/radarlidar_analysis/RadarLidarWindSpeed.py:324: RuntimeWarning: More than 20 figures have been opened. Figures created through the pyplot interface (`matplotlib.pyplot.figure`) are retained until explicitly closed and may consume too much memory. (To control this warning, see the rcParam `figure.max_open_warning`).
  plt.figure(figsize=(20,10))
/home/mmueller/hiwi/radarlidar_analysis/RadarLidarWindSpeed.py:399: RuntimeWarning: More than 20 figures have been opened. Figures created through the pyplot interface (`matplotlib.pyplot.figure`) are retained until explicitly closed and may consume too much memory. (To control this warning, see the rcParam `figure.max_open_warning`).
  plt.figure(figsize=(20,10))
/home/mmueller/hiwi/radarlidar_analysis/RadarLidarWindSpeed.py:400: RuntimeWarning: More than 20 figures have been opened. Figures created through the pyplot interface (`matplotlib.pyplot.figure`) are retained until explicitly closed and may consume too much memory. (To control this warning, see the rcParam `figure.max_open_warning`).
  fig1 = plt.figure(figsize=(20,10))
/home/mmueller/hiwi/radarlidar_analysis/RadarLidarWindSpeed.py:614: RuntimeWarning: More than 20 figures have been opened. Figures created through the pyplot interface (`matplotlib.pyplot.figure`) are retained until explicitly closed and may consume too much memory. (To control this warning, see the rcParam `figure.max_open_warning`).
  fig, axes = plt.subplots(nrows=4, ncols=1, figsize=(10, 10), sharex=True, sharey=False)
/home/mmueller/hiwi/radarlidar_analysis/RadarLidarWindSpeed.py:324: RuntimeWarning: More than 20 figures have been opened. Figures created through the pyplot interface (`matplotlib.pyplot.figure`) are retained until explicitly closed and may consume too much memory. (To control this warning, see the rcParam `figure.max_open_warning`).
  plt.figure(figsize=(20,10))
/home/mmueller/hiwi/radarlidar_analysis/RadarLidarWindSpeed.py:399: RuntimeWarning: More than 20 figures have been opened. Figures created through the pyplot interface (`matplotlib.pyplot.figure`) are retained until explicitly closed and may consume too much memory. (To control this warning, see the rcParam `figure.max_open_warning`).
  plt.figure(figsize=(20,10))
/home/mmueller/hiwi/radarlidar_analysis/RadarLidarWindSpeed.py:400: RuntimeWarning: More than 20 figures have been opened. Figures created through the pyplot interface (`matplotlib.pyplot.figure`) are retained until explicitly closed and may consume too much memory. (To control this warning, see the rcParam `figure.max_open_warning`).
  fig1 = plt.figure(figsize=(20,10))
/home/mmueller/hiwi/radarlidar_analysis/RadarLidarWindSpeed.py:614: RuntimeWarning: More than 20 figures have been opened. Figures created through the pyplot interface (`matplotlib.pyplot.figure`) are retained until explicitly closed and may consume too much memory. (To control this warning, see the rcParam `figure.max_open_warning`).
  fig, axes = plt.subplots(nrows=4, ncols=1, figsize=(10, 10), sharex=True, sharey=False)
/home/mmueller/hiwi/radarlidar_analysis/RadarLidarWindSpeed.py:324: RuntimeWarning: More than 20 figures have been opened. Figures created through the pyplot interface (`matplotlib.pyplot.figure`) are retained until explicitly closed and may consume too much memory. (To control this warning, see the rcParam `figure.max_open_warning`).
  plt.figure(figsize=(20,10))
/home/mmueller/hiwi/radarlidar_analysis/RadarLidarWindSpeed.py:399: RuntimeWarning: More than 20 figures have been opened. Figures created through the pyplot interface (`matplotlib.pyplot.figure`) are retained until explicitly closed and may consume too much memory. (To control this warning, see the rcParam `figure.max_open_warning`).
  plt.figure(figsize=(20,10))
/home/mmueller/hiwi/radarlidar_analysis/RadarLidarWindSpeed.py:400: RuntimeWarning: More than 20 figures have been opened. Figures created through the pyplot interface (`matplotlib.pyplot.figure`) are retained until explicitly closed and may consume too much memory. (To control this warning, see the rcParam `figure.max_open_warning`).
  fig1 = plt.figure(figsize=(20,10))
/home/mmueller/hiwi/radarlidar_analysis/RadarLidarWindSpeed.py:614: RuntimeWarning: More than 20 figures have been opened. Figures created through the pyplot interface (`matplotlib.pyplot.figure`) are retained until explicitly closed and may consume too much memory. (To control this warning, see the rcParam `figure.max_open_warning`).
  fig, axes = plt.subplots(nrows=4, ncols=1, figsize=(10, 10), sharex=True, sharey=False)
/home/mmueller/hiwi/radarlidar_analysis/RadarLidarWindSpeed.py:324: RuntimeWarning: More than 20 figures have been opened. Figures created through the pyplot interface (`matplotlib.pyplot.figure`) are retained until explicitly closed and may consume too much memory. (To control this warning, see the rcParam `figure.max_open_warning`).
  plt.figure(figsize=(20,10))
/home/mmueller/hiwi/radarlidar_analysis/RadarLidarWindSpeed.py:399: RuntimeWarning: More than 20 figures have been opened. Figures created through the pyplot interface (`matplotlib.pyplot.figure`) are retained until explicitly closed and may consume too much memory. (To control this warning, see the rcParam `figure.max_open_warning`).
  plt.figure(figsize=(20,10))
/home/mmueller/hiwi/radarlidar_analysis/RadarLidarWindSpeed.py:400: RuntimeWarning: More than 20 figures have been opened. Figures created through the pyplot interface (`matplotlib.pyplot.figure`) are retained until explicitly closed and may consume too much memory. (To control this warning, see the rcParam `figure.max_open_warning`).
  fig1 = plt.figure(figsize=(20,10))
/home/mmueller/hiwi/radarlidar_analysis/RadarLidarWindSpeed.py:614: RuntimeWarning: More than 20 figures have been opened. Figures created through the pyplot interface (`matplotlib.pyplot.figure`) are retained until explicitly closed and may consume too much memory. (To control this warning, see the rcParam `figure.max_open_warning`).
  fig, axes = plt.subplots(nrows=4, ncols=1, figsize=(10, 10), sharex=True, sharey=False)
/home/mmueller/hiwi/radarlidar_analysis/RadarLidarWindSpeed.py:324: RuntimeWarning: More than 20 figures have been opened. Figures created through the pyplot interface (`matplotlib.pyplot.figure`) are retained until explicitly closed and may consume too much memory. (To control this warning, see the rcParam `figure.max_open_warning`).
  plt.figure(figsize=(20,10))
/home/mmueller/hiwi/radarlidar_analysis/RadarLidarWindSpeed.py:399: RuntimeWarning: More than 20 figures have been opened. Figures created through the pyplot interface (`matplotlib.pyplot.figure`) are retained until explicitly closed and may consume too much memory. (To control this warning, see the rcParam `figure.max_open_warning`).
  plt.figure(figsize=(20,10))
/home/mmueller/hiwi/radarlidar_analysis/RadarLidarWindSpeed.py:400: RuntimeWarning: More than 20 figures have been opened. Figures created through the pyplot interface (`matplotlib.pyplot.figure`) are retained until explicitly closed and may consume too much memory. (To control this warning, see the rcParam `figure.max_open_warning`).
  fig1 = plt.figure(figsize=(20,10))
/home/mmueller/hiwi/radarlidar_analysis/RadarLidarWindSpeed.py:614: RuntimeWarning: More than 20 figures have been opened. Figures created through the pyplot interface (`matplotlib.pyplot.figure`) are retained until explicitly closed and may consume too much memory. (To control this warning, see the rcParam `figure.max_open_warning`).
  fig, axes = plt.subplots(nrows=4, ncols=1, figsize=(10, 10), sharex=True, sharey=False)
/home/mmueller/hiwi/radarlidar_analysis/RadarLidarWindSpeed.py:324: RuntimeWarning: More than 20 figures have been opened. Figures created through the pyplot interface (`matplotlib.pyplot.figure`) are retained until explicitly closed and may consume too much memory. (To control this warning, see the rcParam `figure.max_open_warning`).
  plt.figure(figsize=(20,10))
/home/mmueller/hiwi/radarlidar_analysis/RadarLidarWindSpeed.py:399: RuntimeWarning: More than 20 figures have been opened. Figures created through the pyplot interface (`matplotlib.pyplot.figure`) are retained until explicitly closed and may consume too much memory. (To control this warning, see the rcParam `figure.max_open_warning`).
  plt.figure(figsize=(20,10))
/home/mmueller/hiwi/radarlidar_analysis/RadarLidarWindSpeed.py:400: RuntimeWarning: More than 20 figures have been opened. Figures created through the pyplot interface (`matplotlib.pyplot.figure`) are retained until explicitly closed and may consume too much memory. (To control this warning, see the rcParam `figure.max_open_warning`).
  fig1 = plt.figure(figsize=(20,10))
/home/mmueller/hiwi/radarlidar_analysis/RadarLidarWindSpeed.py:614: RuntimeWarning: More than 20 figures have been opened. Figures created through the pyplot interface (`matplotlib.pyplot.figure`) are retained until explicitly closed and may consume too much memory. (To control this warning, see the rcParam `figure.max_open_warning`).
  fig, axes = plt.subplots(nrows=4, ncols=1, figsize=(10, 10), sharex=True, sharey=False)
/home/mmueller/hiwi/radarlidar_analysis/RadarLidarWindSpeed.py:324: RuntimeWarning: More than 20 figures have been opened. Figures created through the pyplot interface (`matplotlib.pyplot.figure`) are retained until explicitly closed and may consume too much memory. (To control this warning, see the rcParam `figure.max_open_warning`).
  plt.figure(figsize=(20,10))
/home/mmueller/hiwi/radarlidar_analysis/RadarLidarWindSpeed.py:399: RuntimeWarning: More than 20 figures have been opened. Figures created through the pyplot interface (`matplotlib.pyplot.figure`) are retained until explicitly closed and may consume too much memory. (To control this warning, see the rcParam `figure.max_open_warning`).
  plt.figure(figsize=(20,10))
/home/mmueller/hiwi/radarlidar_analysis/RadarLidarWindSpeed.py:400: RuntimeWarning: More than 20 figures have been opened. Figures created through the pyplot interface (`matplotlib.pyplot.figure`) are retained until explicitly closed and may consume too much memory. (To control this warning, see the rcParam `figure.max_open_warning`).
  fig1 = plt.figure(figsize=(20,10))
/home/mmueller/hiwi/radarlidar_analysis/RadarLidarWindSpeed.py:614: RuntimeWarning: More than 20 figures have been opened. Figures created through the pyplot interface (`matplotlib.pyplot.figure`) are retained until explicitly closed and may consume too much memory. (To control this warning, see the rcParam `figure.max_open_warning`).
  fig, axes = plt.subplots(nrows=4, ncols=1, figsize=(10, 10), sharex=True, sharey=False)
/home/mmueller/hiwi/radarlidar_analysis/RadarLidarWindSpeed.py:324: RuntimeWarning: More than 20 figures have been opened. Figures created through the pyplot interface (`matplotlib.pyplot.figure`) are retained until explicitly closed and may consume too much memory. (To control this warning, see the rcParam `figure.max_open_warning`).
  plt.figure(figsize=(20,10))
/home/mmueller/hiwi/radarlidar_analysis/RadarLidarWindSpeed.py:399: RuntimeWarning: More than 20 figures have been opened. Figures created through the pyplot interface (`matplotlib.pyplot.figure`) are retained until explicitly closed and may consume too much memory. (To control this warning, see the rcParam `figure.max_open_warning`).
  plt.figure(figsize=(20,10))
/home/mmueller/hiwi/radarlidar_analysis/RadarLidarWindSpeed.py:400: RuntimeWarning: More than 20 figures have been opened. Figures created through the pyplot interface (`matplotlib.pyplot.figure`) are retained until explicitly closed and may consume too much memory. (To control this warning, see the rcParam `figure.max_open_warning`).
  fig1 = plt.figure(figsize=(20,10))
/home/mmueller/hiwi/radarlidar_analysis/RadarLidarWindSpeed.py:614: RuntimeWarning: More than 20 figures have been opened. Figures created through the pyplot interface (`matplotlib.pyplot.figure`) are retained until explicitly closed and may consume too much memory. (To control this warning, see the rcParam `figure.max_open_warning`).
  fig, axes = plt.subplots(nrows=4, ncols=1, figsize=(10, 10), sharex=True, sharey=False)
/home/mmueller/hiwi/radarlidar_analysis/RadarLidarWindSpeed.py:324: RuntimeWarning: More than 20 figures have been opened. Figures created through the pyplot interface (`matplotlib.pyplot.figure`) are retained until explicitly closed and may consume too much memory. (To control this warning, see the rcParam `figure.max_open_warning`).
  plt.figure(figsize=(20,10))
/home/mmueller/hiwi/radarlidar_analysis/RadarLidarWindSpeed.py:399: RuntimeWarning: More than 20 figures have been opened. Figures created through the pyplot interface (`matplotlib.pyplot.figure`) are retained until explicitly closed and may consume too much memory. (To control this warning, see the rcParam `figure.max_open_warning`).
  plt.figure(figsize=(20,10))
/home/mmueller/hiwi/radarlidar_analysis/RadarLidarWindSpeed.py:400: RuntimeWarning: More than 20 figures have been opened. Figures created through the pyplot interface (`matplotlib.pyplot.figure`) are retained until explicitly closed and may consume too much memory. (To control this warning, see the rcParam `figure.max_open_warning`).
  fig1 = plt.figure(figsize=(20,10))
/home/mmueller/hiwi/radarlidar_analysis/RadarLidarWindSpeed.py:614: RuntimeWarning: More than 20 figures have been opened. Figures created through the pyplot interface (`matplotlib.pyplot.figure`) are retained until explicitly closed and may consume too much memory. (To control this warning, see the rcParam `figure.max_open_warning`).
  fig, axes = plt.subplots(nrows=4, ncols=1, figsize=(10, 10), sharex=True, sharey=False)
/home/mmueller/hiwi/radarlidar_analysis/RadarLidarWindSpeed.py:324: RuntimeWarning: More than 20 figures have been opened. Figures created through the pyplot interface (`matplotlib.pyplot.figure`) are retained until explicitly closed and may consume too much memory. (To control this warning, see the rcParam `figure.max_open_warning`).
  plt.figure(figsize=(20,10))
/home/mmueller/hiwi/radarlidar_analysis/RadarLidarWindSpeed.py:399: RuntimeWarning: More than 20 figures have been opened. Figures created through the pyplot interface (`matplotlib.pyplot.figure`) are retained until explicitly closed and may consume too much memory. (To control this warning, see the rcParam `figure.max_open_warning`).
  plt.figure(figsize=(20,10))
/home/mmueller/hiwi/radarlidar_analysis/RadarLidarWindSpeed.py:400: RuntimeWarning: More than 20 figures have been opened. Figures created through the pyplot interface (`matplotlib.pyplot.figure`) are retained until explicitly closed and may consume too much memory. (To control this warning, see the rcParam `figure.max_open_warning`).
  fig1 = plt.figure(figsize=(20,10))
/home/mmueller/hiwi/radarlidar_analysis/RadarLidarWindSpeed.py:614: RuntimeWarning: More than 20 figures have been opened. Figures created through the pyplot interface (`matplotlib.pyplot.figure`) are retained until explicitly closed and may consume too much memory. (To control this warning, see the rcParam `figure.max_open_warning`).
  fig, axes = plt.subplots(nrows=4, ncols=1, figsize=(10, 10), sharex=True, sharey=False)
/home/mmueller/hiwi/radarlidar_analysis/RadarLidarWindSpeed.py:324: RuntimeWarning: More than 20 figures have been opened. Figures created through the pyplot interface (`matplotlib.pyplot.figure`) are retained until explicitly closed and may consume too much memory. (To control this warning, see the rcParam `figure.max_open_warning`).
  plt.figure(figsize=(20,10))
/home/mmueller/hiwi/radarlidar_analysis/RadarLidarWindSpeed.py:399: RuntimeWarning: More than 20 figures have been opened. Figures created through the pyplot interface (`matplotlib.pyplot.figure`) are retained until explicitly closed and may consume too much memory. (To control this warning, see the rcParam `figure.max_open_warning`).
  plt.figure(figsize=(20,10))
/home/mmueller/hiwi/radarlidar_analysis/RadarLidarWindSpeed.py:400: RuntimeWarning: More than 20 figures have been opened. Figures created through the pyplot interface (`matplotlib.pyplot.figure`) are retained until explicitly closed and may consume too much memory. (To control this warning, see the rcParam `figure.max_open_warning`).
  fig1 = plt.figure(figsize=(20,10))
/home/mmueller/hiwi/radarlidar_analysis/RadarLidarWindSpeed.py:614: RuntimeWarning: More than 20 figures have been opened. Figures created through the pyplot interface (`matplotlib.pyplot.figure`) are retained until explicitly closed and may consume too much memory. (To control this warning, see the rcParam `figure.max_open_warning`).
  fig, axes = plt.subplots(nrows=4, ncols=1, figsize=(10, 10), sharex=True, sharey=False)
/home/mmueller/hiwi/radarlidar_analysis/RadarLidarWindSpeed.py:324: RuntimeWarning: More than 20 figures have been opened. Figures created through the pyplot interface (`matplotlib.pyplot.figure`) are retained until explicitly closed and may consume too much memory. (To control this warning, see the rcParam `figure.max_open_warning`).
  plt.figure(figsize=(20,10))
/home/mmueller/hiwi/radarlidar_analysis/RadarLidarWindSpeed.py:399: RuntimeWarning: More than 20 figures have been opened. Figures created through the pyplot interface (`matplotlib.pyplot.figure`) are retained until explicitly closed and may consume too much memory. (To control this warning, see the rcParam `figure.max_open_warning`).
  plt.figure(figsize=(20,10))
/home/mmueller/hiwi/radarlidar_analysis/RadarLidarWindSpeed.py:400: RuntimeWarning: More than 20 figures have been opened. Figures created through the pyplot interface (`matplotlib.pyplot.figure`) are retained until explicitly closed and may consume too much memory. (To control this warning, see the rcParam `figure.max_open_warning`).
  fig1 = plt.figure(figsize=(20,10))
/home/mmueller/hiwi/radarlidar_analysis/RadarLidarWindSpeed.py:614: RuntimeWarning: More than 20 figures have been opened. Figures created through the pyplot interface (`matplotlib.pyplot.figure`) are retained until explicitly closed and may consume too much memory. (To control this warning, see the rcParam `figure.max_open_warning`).
  fig, axes = plt.subplots(nrows=4, ncols=1, figsize=(10, 10), sharex=True, sharey=False)
/home/mmueller/hiwi/radarlidar_analysis/RadarLidarWindSpeed.py:324: RuntimeWarning: More than 20 figures have been opened. Figures created through the pyplot interface (`matplotlib.pyplot.figure`) are retained until explicitly closed and may consume too much memory. (To control this warning, see the rcParam `figure.max_open_warning`).
  plt.figure(figsize=(20,10))
/home/mmueller/hiwi/radarlidar_analysis/RadarLidarWindSpeed.py:399: RuntimeWarning: More than 20 figures have been opened. Figures created through the pyplot interface (`matplotlib.pyplot.figure`) are retained until explicitly closed and may consume too much memory. (To control this warning, see the rcParam `figure.max_open_warning`).
  plt.figure(figsize=(20,10))
/home/mmueller/hiwi/radarlidar_analysis/RadarLidarWindSpeed.py:400: RuntimeWarning: More than 20 figures have been opened. Figures created through the pyplot interface (`matplotlib.pyplot.figure`) are retained until explicitly closed and may consume too much memory. (To control this warning, see the rcParam `figure.max_open_warning`).
  fig1 = plt.figure(figsize=(20,10))
/home/mmueller/hiwi/radarlidar_analysis/RadarLidarWindSpeed.py:614: RuntimeWarning: More than 20 figures have been opened. Figures created through the pyplot interface (`matplotlib.pyplot.figure`) are retained until explicitly closed and may consume too much memory. (To control this warning, see the rcParam `figure.max_open_warning`).
  fig, axes = plt.subplots(nrows=4, ncols=1, figsize=(10, 10), sharex=True, sharey=False)
/home/mmueller/hiwi/radarlidar_analysis/RadarLidarWindSpeed.py:324: RuntimeWarning: More than 20 figures have been opened. Figures created through the pyplot interface (`matplotlib.pyplot.figure`) are retained until explicitly closed and may consume too much memory. (To control this warning, see the rcParam `figure.max_open_warning`).
  plt.figure(figsize=(20,10))
/home/mmueller/hiwi/radarlidar_analysis/RadarLidarWindSpeed.py:399: RuntimeWarning: More than 20 figures have been opened. Figures created through the pyplot interface (`matplotlib.pyplot.figure`) are retained until explicitly closed and may consume too much memory. (To control this warning, see the rcParam `figure.max_open_warning`).
  plt.figure(figsize=(20,10))
/home/mmueller/hiwi/radarlidar_analysis/RadarLidarWindSpeed.py:400: RuntimeWarning: More than 20 figures have been opened. Figures created through the pyplot interface (`matplotlib.pyplot.figure`) are retained until explicitly closed and may consume too much memory. (To control this warning, see the rcParam `figure.max_open_warning`).
  fig1 = plt.figure(figsize=(20,10))
/home/mmueller/hiwi/radarlidar_analysis/RadarLidarWindSpeed.py:614: RuntimeWarning: More than 20 figures have been opened. Figures created through the pyplot interface (`matplotlib.pyplot.figure`) are retained until explicitly closed and may consume too much memory. (To control this warning, see the rcParam `figure.max_open_warning`).
  fig, axes = plt.subplots(nrows=4, ncols=1, figsize=(10, 10), sharex=True, sharey=False)
/home/mmueller/hiwi/radarlidar_analysis/RadarLidarWindSpeed.py:324: RuntimeWarning: More than 20 figures have been opened. Figures created through the pyplot interface (`matplotlib.pyplot.figure`) are retained until explicitly closed and may consume too much memory. (To control this warning, see the rcParam `figure.max_open_warning`).
  plt.figure(figsize=(20,10))
/home/mmueller/hiwi/radarlidar_analysis/RadarLidarWindSpeed.py:399: RuntimeWarning: More than 20 figures have been opened. Figures created through the pyplot interface (`matplotlib.pyplot.figure`) are retained until explicitly closed and may consume too much memory. (To control this warning, see the rcParam `figure.max_open_warning`).
  plt.figure(figsize=(20,10))
/home/mmueller/hiwi/radarlidar_analysis/RadarLidarWindSpeed.py:400: RuntimeWarning: More than 20 figures have been opened. Figures created through the pyplot interface (`matplotlib.pyplot.figure`) are retained until explicitly closed and may consume too much memory. (To control this warning, see the rcParam `figure.max_open_warning`).
  fig1 = plt.figure(figsize=(20,10))
/home/mmueller/hiwi/radarlidar_analysis/RadarLidarWindSpeed.py:614: RuntimeWarning: More than 20 figures have been opened. Figures created through the pyplot interface (`matplotlib.pyplot.figure`) are retained until explicitly closed and may consume too much memory. (To control this warning, see the rcParam `figure.max_open_warning`).
  fig, axes = plt.subplots(nrows=4, ncols=1, figsize=(10, 10), sharex=True, sharey=False)
/home/mmueller/hiwi/radarlidar_analysis/RadarLidarWindSpeed.py:324: RuntimeWarning: More than 20 figures have been opened. Figures created through the pyplot interface (`matplotlib.pyplot.figure`) are retained until explicitly closed and may consume too much memory. (To control this warning, see the rcParam `figure.max_open_warning`).
  plt.figure(figsize=(20,10))
/home/mmueller/hiwi/radarlidar_analysis/RadarLidarWindSpeed.py:399: RuntimeWarning: More than 20 figures have been opened. Figures created through the pyplot interface (`matplotlib.pyplot.figure`) are retained until explicitly closed and may consume too much memory. (To control this warning, see the rcParam `figure.max_open_warning`).
  plt.figure(figsize=(20,10))
/home/mmueller/hiwi/radarlidar_analysis/RadarLidarWindSpeed.py:400: RuntimeWarning: More than 20 figures have been opened. Figures created through the pyplot interface (`matplotlib.pyplot.figure`) are retained until explicitly closed and may consume too much memory. (To control this warning, see the rcParam `figure.max_open_warning`).
  fig1 = plt.figure(figsize=(20,10))
/home/mmueller/hiwi/radarlidar_analysis/RadarLidarWindSpeed.py:614: RuntimeWarning: More than 20 figures have been opened. Figures created through the pyplot interface (`matplotlib.pyplot.figure`) are retained until explicitly closed and may consume too much memory. (To control this warning, see the rcParam `figure.max_open_warning`).
  fig, axes = plt.subplots(nrows=4, ncols=1, figsize=(10, 10), sharex=True, sharey=False)
/home/mmueller/hiwi/radarlidar_analysis/RadarLidarWindSpeed.py:324: RuntimeWarning: More than 20 figures have been opened. Figures created through the pyplot interface (`matplotlib.pyplot.figure`) are retained until explicitly closed and may consume too much memory. (To control this warning, see the rcParam `figure.max_open_warning`).
  plt.figure(figsize=(20,10))
/home/mmueller/hiwi/radarlidar_analysis/RadarLidarWindSpeed.py:399: RuntimeWarning: More than 20 figures have been opened. Figures created through the pyplot interface (`matplotlib.pyplot.figure`) are retained until explicitly closed and may consume too much memory. (To control this warning, see the rcParam `figure.max_open_warning`).
  plt.figure(figsize=(20,10))
/home/mmueller/hiwi/radarlidar_analysis/RadarLidarWindSpeed.py:400: RuntimeWarning: More than 20 figures have been opened. Figures created through the pyplot interface (`matplotlib.pyplot.figure`) are retained until explicitly closed and may consume too much memory. (To control this warning, see the rcParam `figure.max_open_warning`).
  fig1 = plt.figure(figsize=(20,10))
2019-04-01 00:00:00
2019-05-01 00:00:00
2019-06-01 00:00:00
2019-07-01 00:00:00
2019-08-01 00:00:00
2019-09-01 00:00:00
2019-10-01 00:00:00
2019-11-01 00:00:00
2019-12-01 00:00:00
2020-01-01 00:00:00
2020-02-01 00:00:00
2020-03-01 00:00:00
2020-04-01 00:00:00
2020-05-01 00:00:00
2020-06-01 00:00:00
2020-07-01 00:00:00
2020-08-01 00:00:00
2020-09-01 00:00:00
2020-10-01 00:00:00
2020-11-01 00:00:00
2020-12-01 00:00:00
2021-01-01 00:00:00
2021-02-01 00:00:00
